Using pre-set license
Built from '2020.3/staging' branch; Version is '2020.3.16f1 (049d6eca3c44) revision 302446'; Using compiler version '192528614'; Build Type 'Release'
OS: 'Windows 10 Pro; OS build 18363.1379; Version 1909; 64bit' Language: 'zh' Physical Memory: 16347 MB
BatchMode: 1, IsHumanControllingUs: 0, StartBugReporterOnCrash: 0, Is64bit: 1, IsPro: 0

 COMMAND LINE ARGUMENTS:
F:\Unity\2020.3.16f1\Editor\Unity.exe
-adb2
-batchMode
-noUpm
-name
AssetImportWorker0
-projectPath
F:/GitHub/Unity_Photon_Fusion_20211213/Unity_Photon_Fusion_1213
-logFile
Logs/AssetImportWorker0.log
-srvPort
10776
Successfully changed project path to: F:/GitHub/Unity_Photon_Fusion_20211213/Unity_Photon_Fusion_1213
F:/GitHub/Unity_Photon_Fusion_20211213/Unity_Photon_Fusion_1213
Using Asset Import Pipeline V2.
Refreshing native plugins compatible for Editor in 41.23 ms, found 3 plugins.
Preloading 0 native plugins for Editor in 0.00 ms.
Initialize engine version: 2020.3.16f1 (049d6eca3c44)
[Subsystems] Discovering subsystems at path F:/Unity/2020.3.16f1/Editor/Data/Resources/UnitySubsystems
[Subsystems] Discovering subsystems at path F:/GitHub/Unity_Photon_Fusion_20211213/Unity_Photon_Fusion_1213/Assets
GfxDevice: creating device client; threaded=0
Direct3D:
    Version:  Direct3D 11.0 [level 11.1]
    Renderer: AMD Radeon (TM) R9 380 Series (ID=0x6939)
    Vendor:   
    VRAM:     4070 MB
    Driver:   27.20.21026.2006
Initialize mono
Mono path[0] = 'F:/Unity/2020.3.16f1/Editor/Data/Managed'
Mono path[1] = 'F:/Unity/2020.3.16f1/Editor/Data/MonoBleedingEdge/lib/mono/unityjit'
Mono config path = 'F:/Unity/2020.3.16f1/Editor/Data/MonoBleedingEdge/etc'
Using monoOptions --debugger-agent=transport=dt_socket,embedding=1,server=y,suspend=n,address=127.0.0.1:56912
Begin MonoManager ReloadAssembly
Registering precompiled unity dll's ...
Register platform support module: F:/Unity/2020.3.16f1/Editor/Data/PlaybackEngines/WebGLSupport/UnityEditor.WebGL.Extensions.dll
Register platform support module: F:/Unity/2020.3.16f1/Editor/Data/PlaybackEngines/WindowsStandaloneSupport/UnityEditor.WindowsStandalone.Extensions.dll
Registered in 0.001438 seconds.
Native extension for WindowsStandalone target not found
Native extension for WebGL target not found
Refreshing native plugins compatible for Editor in 37.21 ms, found 3 plugins.
Preloading 0 native plugins for Editor in 0.00 ms.
Mono: successfully reloaded assembly
- Completed reload, in  1.823 seconds
Domain Reload Profiling:
	ReloadAssembly (1824ms)
		BeginReloadAssembly (61ms)
			ExecutionOrderSort (0ms)
			DisableScriptedObjects (0ms)
			BackupInstance (0ms)
			ReleaseScriptingObjects (0ms)
			CreateAndSetChildDomain (1ms)
		EndReloadAssembly (515ms)
			LoadAssemblies (60ms)
			RebuildTransferFunctionScriptingTraits (0ms)
			SetupTypeCache (195ms)
			ReleaseScriptCaches (0ms)
			RebuildScriptCaches (41ms)
			SetupLoadedEditorAssemblies (195ms)
				LogAssemblyErrors (0ms)
				InitializePlatformSupportModulesInManaged (5ms)
				SetLoadedEditorAssemblies (0ms)
				RefreshPlugins (37ms)
				BeforeProcessingInitializeOnLoad (20ms)
				ProcessInitializeOnLoadAttributes (96ms)
				ProcessInitializeOnLoadMethodAttributes (36ms)
				AfterProcessingInitializeOnLoad (0ms)
				EditorAssembliesLoaded (0ms)
			ExecutionOrderSort2 (0ms)
			AwakeInstancesAfterBackupRestoration (0ms)
Platform modules already initialized, skipping
Registering precompiled user dll's ...
Registered in 0.010274 seconds.
Begin MonoManager ReloadAssembly
Native extension for WindowsStandalone target not found
Native extension for WebGL target not found
Refreshing native plugins compatible for Editor in 36.99 ms, found 3 plugins.
Preloading 0 native plugins for Editor in 0.00 ms.
Mono: successfully reloaded assembly
- Completed reload, in  1.476 seconds
Domain Reload Profiling:
	ReloadAssembly (1477ms)
		BeginReloadAssembly (170ms)
			ExecutionOrderSort (0ms)
			DisableScriptedObjects (5ms)
			BackupInstance (0ms)
			ReleaseScriptingObjects (0ms)
			CreateAndSetChildDomain (22ms)
		EndReloadAssembly (1226ms)
			LoadAssemblies (112ms)
			RebuildTransferFunctionScriptingTraits (0ms)
			SetupTypeCache (365ms)
			ReleaseScriptCaches (0ms)
			RebuildScriptCaches (55ms)
			SetupLoadedEditorAssemblies (541ms)
				LogAssemblyErrors (0ms)
				InitializePlatformSupportModulesInManaged (6ms)
				SetLoadedEditorAssemblies (0ms)
				RefreshPlugins (37ms)
				BeforeProcessingInitializeOnLoad (72ms)
				ProcessInitializeOnLoadAttributes (417ms)
				ProcessInitializeOnLoadMethodAttributes (5ms)
				AfterProcessingInitializeOnLoad (3ms)
				EditorAssembliesLoaded (0ms)
			ExecutionOrderSort2 (0ms)
			AwakeInstancesAfterBackupRestoration (8ms)
Platform modules already initialized, skipping
========================================================================
Worker process is ready to serve import requests
Launched and connected shader compiler UnityShaderCompiler.exe after 0.09 seconds
Refreshing native plugins compatible for Editor in 0.45 ms, found 3 plugins.
Preloading 0 native plugins for Editor in 0.00 ms.
Unloading 1476 Unused Serialized files (Serialized files now loaded: 0)
System memory in use before: 70.4 MB.
System memory in use after: 70.5 MB.

Unloading 36 unused Assets to reduce memory usage. Loaded Objects now: 1924.
Total: 3.201200 ms (FindLiveObjects: 0.186900 ms CreateObjectMapping: 0.070800 ms MarkObjects: 2.852600 ms  DeleteObjects: 0.089500 ms)

AssetImportParameters requested are different than current active one (requested -> active):
  custom:framework-win-MediaFoundation: 216162199b28c13a410421893ffa2e32 -> 
  custom:video-decoder-ogg-theora: a1e56fd34408186e4bbccfd4996cb3dc -> 
  custom:container-muxer-webm: aa71ff27fc2769a1b78a27578f13a17b -> 
  custom:container-demuxer-webm: 4f35f7cbe854078d1ac9338744f61a02 -> 
  custom:container-demuxer-ogg: 62fdf1f143b41e24485cea50d1cbac27 -> 
  custom:video-encoder-webm-vp8: eb34c28f22e8b96e1ab97ce403110664 -> 
  custom:video-decoder-webm-vp8: 9c59270c3fd7afecdb556c50c9e8de78 -> 
  custom:audio-decoder-ogg-vorbis: bf7c407c2cedff20999df2af8eb42d56 -> 
  custom:audio-encoder-webm-vorbis: bf7c407c2cedff20999df2af8eb42d56 -> 
========================================================================
Received Import Request.
  path: Assets/Photon/Fusion/Editor/Resources/ComponentHeaderGraphics/Fonts/Oswald-Header.ttf
  artifactKey: Guid(bc4170141f0283e4c80ff0f668490e67) Importer(815301076,1909f56bfc062723c751e8b465ee728b)
Start importing Assets/Photon/Fusion/Editor/Resources/ComponentHeaderGraphics/Fonts/Oswald-Header.ttf using Guid(bc4170141f0283e4c80ff0f668490e67) Importer(815301076,1909f56bfc062723c751e8b465ee728b)  -> (artifact id: 'fa33321905b890eec9f547dfce46b250') in 0.323373 seconds 
  Import took 0.326574 seconds .

========================================================================
Received Import Request.
  Time since last request: 0.009298 seconds.
  path: Assets/Photon/Fusion/Editor/Resources/ComponentHeaderGraphics/Fonts/Oswald-Header.ttf
  artifactKey: Guid(bc4170141f0283e4c80ff0f668490e67) Importer(815301076,1909f56bfc062723c751e8b465ee728b)
Start importing Assets/Photon/Fusion/Editor/Resources/ComponentHeaderGraphics/Fonts/Oswald-Header.ttf using Guid(bc4170141f0283e4c80ff0f668490e67) Importer(815301076,1909f56bfc062723c751e8b465ee728b)  -> (artifact id: 'fa33321905b890eec9f547dfce46b250') in 0.034255 seconds 
  Import took 0.038169 seconds .

========================================================================
Received Prepare
Registering precompiled user dll's ...
Registered in 0.010327 seconds.
Begin MonoManager ReloadAssembly
Native extension for WindowsStandalone target not found
Native extension for WebGL target not found
Refreshing native plugins compatible for Editor in 0.45 ms, found 3 plugins.
Preloading 0 native plugins for Editor in 0.00 ms.
Mono: successfully reloaded assembly
- Completed reload, in  1.382 seconds
Domain Reload Profiling:
	ReloadAssembly (1382ms)
		BeginReloadAssembly (141ms)
			ExecutionOrderSort (0ms)
			DisableScriptedObjects (6ms)
			BackupInstance (0ms)
			ReleaseScriptingObjects (0ms)
			CreateAndSetChildDomain (47ms)
		EndReloadAssembly (1175ms)
			LoadAssemblies (115ms)
			RebuildTransferFunctionScriptingTraits (0ms)
			SetupTypeCache (353ms)
			ReleaseScriptCaches (1ms)
			RebuildScriptCaches (47ms)
			SetupLoadedEditorAssemblies (540ms)
				LogAssemblyErrors (0ms)
				InitializePlatformSupportModulesInManaged (11ms)
				SetLoadedEditorAssemblies (1ms)
				RefreshPlugins (1ms)
				BeforeProcessingInitializeOnLoad (88ms)
				ProcessInitializeOnLoadAttributes (433ms)
				ProcessInitializeOnLoadMethodAttributes (4ms)
				AfterProcessingInitializeOnLoad (3ms)
				EditorAssembliesLoaded (0ms)
			ExecutionOrderSort2 (0ms)
			AwakeInstancesAfterBackupRestoration (7ms)
Platform modules already initialized, skipping
Refreshing native plugins compatible for Editor in 0.70 ms, found 3 plugins.
Preloading 0 native plugins for Editor in 0.00 ms.
Unloading 1468 Unused Serialized files (Serialized files now loaded: 0)
System memory in use before: 73.6 MB.
System memory in use after: 73.7 MB.

Unloading 31 unused Assets to reduce memory usage. Loaded Objects now: 1970.
Total: 4.102300 ms (FindLiveObjects: 0.146000 ms CreateObjectMapping: 0.046000 ms MarkObjects: 3.866600 ms  DeleteObjects: 0.042400 ms)

AssetImportParameters requested are different than current active one (requested -> active):
  custom:framework-win-MediaFoundation: 216162199b28c13a410421893ffa2e32 -> 
  custom:video-decoder-ogg-theora: a1e56fd34408186e4bbccfd4996cb3dc -> 
  custom:container-muxer-webm: aa71ff27fc2769a1b78a27578f13a17b -> 
  custom:container-demuxer-webm: 4f35f7cbe854078d1ac9338744f61a02 -> 
  custom:container-demuxer-ogg: 62fdf1f143b41e24485cea50d1cbac27 -> 
  custom:video-encoder-webm-vp8: eb34c28f22e8b96e1ab97ce403110664 -> 
  custom:video-decoder-webm-vp8: 9c59270c3fd7afecdb556c50c9e8de78 -> 
  custom:audio-decoder-ogg-vorbis: bf7c407c2cedff20999df2af8eb42d56 -> 
  custom:audio-encoder-webm-vorbis: bf7c407c2cedff20999df2af8eb42d56 -> 
========================================================================
Received Import Request.
  Time since last request: 1388.376495 seconds.
  path: Assets/Cartoon_Tank_Free/CTF_3dModel/СTF_TankFree.FBX
  artifactKey: Guid(3d210b2be9d4b9144b53828dfc2e73e3) Importer(815301076,1909f56bfc062723c751e8b465ee728b)
Start importing Assets/Cartoon_Tank_Free/CTF_3dModel/СTF_TankFree.FBX using Guid(3d210b2be9d4b9144b53828dfc2e73e3) Importer(815301076,1909f56bfc062723c751e8b465ee728b)  -> (artifact id: 'da2bc30a81a6853a714755422bb4cc28') in 0.841283 seconds 
  Import took 0.845272 seconds .

========================================================================
Received Import Request.
  Time since last request: 0.139221 seconds.
  path: Assets/Cartoon_Tank_Free/CTF_Materials/CTF_Mat_AdElements_Blue.mat
  artifactKey: Guid(2bb78c64528360f47a13a43ba4790e14) Importer(815301076,1909f56bfc062723c751e8b465ee728b)
Start importing Assets/Cartoon_Tank_Free/CTF_Materials/CTF_Mat_AdElements_Blue.mat using Guid(2bb78c64528360f47a13a43ba4790e14) Importer(815301076,1909f56bfc062723c751e8b465ee728b)  -> (artifact id: '8b278c982b90f1f6f22c05b24bca3e9a') in 0.196741 seconds 
  Import took 0.200005 seconds .

========================================================================
Received Import Request.
  Time since last request: 0.000205 seconds.
  path: Assets/Cartoon_Tank_Free/CTF_Materials/CTF_Mat_AdElements_Yel.mat
  artifactKey: Guid(b7275cbf36c85ea429b0ea4cefeaa312) Importer(815301076,1909f56bfc062723c751e8b465ee728b)
Start importing Assets/Cartoon_Tank_Free/CTF_Materials/CTF_Mat_AdElements_Yel.mat using Guid(b7275cbf36c85ea429b0ea4cefeaa312) Importer(815301076,1909f56bfc062723c751e8b465ee728b)  -> (artifact id: '97bf194aa8973e26d8af96405ee59283') in 0.025994 seconds 
  Import took 0.028735 seconds .

========================================================================
Received Import Request.
  Time since last request: 0.000229 seconds.
  path: Assets/Cartoon_Tank_Free/CTF_Materials/CTF_Mat_AdElements_Red.mat
  artifactKey: Guid(be2ef26c00fd5ac4fafddd4c30895e64) Importer(815301076,1909f56bfc062723c751e8b465ee728b)
Start importing Assets/Cartoon_Tank_Free/CTF_Materials/CTF_Mat_AdElements_Red.mat using Guid(be2ef26c00fd5ac4fafddd4c30895e64) Importer(815301076,1909f56bfc062723c751e8b465ee728b)  -> (artifact id: '9c85e1feb20060852471c3fa59d3fef1') in 0.024550 seconds 
  Import took 0.027586 seconds .

========================================================================
Received Import Request.
  Time since last request: 0.000258 seconds.
  path: Assets/Cartoon_Tank_Free/CTF_Materials/CTF_Mat_AdElements_Green.mat
  artifactKey: Guid(0ab420e2856629243bd809cccc862fd1) Importer(815301076,1909f56bfc062723c751e8b465ee728b)
Start importing Assets/Cartoon_Tank_Free/CTF_Materials/CTF_Mat_AdElements_Green.mat using Guid(0ab420e2856629243bd809cccc862fd1) Importer(815301076,1909f56bfc062723c751e8b465ee728b)  -> (artifact id: 'f31cf179b2669e79ddcd01ab428d8f21') in 0.024746 seconds 
  Import took 0.027559 seconds .

========================================================================
Received Import Request.
  Time since last request: 0.000243 seconds.
  path: Assets/Cartoon_Tank_Free/CTF_Materials/CTF_Mat_TankFree_Red.mat
  artifactKey: Guid(4bd122cb58a5d8645afd8bf406f31e3f) Importer(815301076,1909f56bfc062723c751e8b465ee728b)
Start importing Assets/Cartoon_Tank_Free/CTF_Materials/CTF_Mat_TankFree_Red.mat using Guid(4bd122cb58a5d8645afd8bf406f31e3f) Importer(815301076,1909f56bfc062723c751e8b465ee728b)  -> (artifact id: '65b02871f95eb9cf32e0b46406713e54') in 0.020505 seconds 
  Import took 0.023342 seconds .

========================================================================
Received Import Request.
  Time since last request: 0.000160 seconds.
  path: Assets/Cartoon_Tank_Free/CTF_Materials/CTF_Mat_TankFree_Yel.mat
  artifactKey: Guid(546738ce5c5f3484bb590ed3d3f696ee) Importer(815301076,1909f56bfc062723c751e8b465ee728b)
Start importing Assets/Cartoon_Tank_Free/CTF_Materials/CTF_Mat_TankFree_Yel.mat using Guid(546738ce5c5f3484bb590ed3d3f696ee) Importer(815301076,1909f56bfc062723c751e8b465ee728b)  -> (artifact id: 'd452db12282a2cdc89e6bcca3940b786') in 0.020237 seconds 
  Import took 0.039699 seconds .

========================================================================
Received Import Request.
  Time since last request: 0.000160 seconds.
  path: Assets/Cartoon_Tank_Free/CTF_Materials/CTF_Mat_Platform.mat
  artifactKey: Guid(6fbb381d9e906294dbcfe29b553eb8f0) Importer(815301076,1909f56bfc062723c751e8b465ee728b)
Start importing Assets/Cartoon_Tank_Free/CTF_Materials/CTF_Mat_Platform.mat using Guid(6fbb381d9e906294dbcfe29b553eb8f0) Importer(815301076,1909f56bfc062723c751e8b465ee728b)  -> (artifact id: '55d537b4e9edf4abf40cb846697e97da') in 0.020272 seconds 
  Import took 0.023057 seconds .

========================================================================
Received Import Request.
  Time since last request: 0.000196 seconds.
  path: Assets/Cartoon_Tank_Free/CTF_Materials/CTF_Mat_TankFree_Blue.mat
  artifactKey: Guid(4577ee2046668dc4faae41439ead563c) Importer(815301076,1909f56bfc062723c751e8b465ee728b)
Start importing Assets/Cartoon_Tank_Free/CTF_Materials/CTF_Mat_TankFree_Blue.mat using Guid(4577ee2046668dc4faae41439ead563c) Importer(815301076,1909f56bfc062723c751e8b465ee728b)  -> (artifact id: '70bcccbba203f377e258c6ddef5e55a3') in 0.023555 seconds 
  Import took 0.026563 seconds .

========================================================================
Received Import Request.
  Time since last request: 0.000543 seconds.
  path: Assets/Cartoon_Tank_Free/CTF_Materials/CTF_Mat_Platform.mat
  artifactKey: Guid(6fbb381d9e906294dbcfe29b553eb8f0) Importer(815301076,1909f56bfc062723c751e8b465ee728b)
Start importing Assets/Cartoon_Tank_Free/CTF_Materials/CTF_Mat_Platform.mat using Guid(6fbb381d9e906294dbcfe29b553eb8f0) Importer(815301076,1909f56bfc062723c751e8b465ee728b)  -> (artifact id: '55d537b4e9edf4abf40cb846697e97da') in 0.022150 seconds 
  Import took 0.025262 seconds .

========================================================================
Received Import Request.
  Time since last request: 0.000296 seconds.
  path: Assets/Cartoon_Tank_Free/CTF_Materials/CTF_Mat_TankFree_Blue.mat
  artifactKey: Guid(4577ee2046668dc4faae41439ead563c) Importer(815301076,1909f56bfc062723c751e8b465ee728b)
Start importing Assets/Cartoon_Tank_Free/CTF_Materials/CTF_Mat_TankFree_Blue.mat using Guid(4577ee2046668dc4faae41439ead563c) Importer(815301076,1909f56bfc062723c751e8b465ee728b)  -> (artifact id: '70bcccbba203f377e258c6ddef5e55a3') in 0.022112 seconds 
  Import took 0.024864 seconds .

========================================================================
Received Import Request.
  Time since last request: 0.000170 seconds.
  path: Assets/Cartoon_Tank_Free/CTF_Materials/CTF_Mat_TankFree_Green.mat
  artifactKey: Guid(36797ffef13d2934b9df4b1eee1d60ad) Importer(815301076,1909f56bfc062723c751e8b465ee728b)
Start importing Assets/Cartoon_Tank_Free/CTF_Materials/CTF_Mat_TankFree_Green.mat using Guid(36797ffef13d2934b9df4b1eee1d60ad) Importer(815301076,1909f56bfc062723c751e8b465ee728b)  -> (artifact id: '6b9ddbc0a9460c3376bfd1b7dbff9e2a') in 0.021298 seconds 
  Import took 0.023878 seconds .

========================================================================
Received Import Request.
  Time since last request: 1.630506 seconds.
  path: Assets/Cartoon_Tank_Free/CTF_Prefabs/TankFree_Blue.prefab
  artifactKey: Guid(a30540c41d7d5ed4281d72b4916afb5e) Importer(815301076,1909f56bfc062723c751e8b465ee728b)
Start importing Assets/Cartoon_Tank_Free/CTF_Prefabs/TankFree_Blue.prefab using Guid(a30540c41d7d5ed4281d72b4916afb5e) Importer(815301076,1909f56bfc062723c751e8b465ee728b)  -> (artifact id: '5be04c29d6569ee1b604f4367b05c360') in 0.025900 seconds 
  Import took 0.029439 seconds .

========================================================================
Received Import Request.
  Time since last request: 0.000413 seconds.
  path: Assets/Cartoon_Tank_Free/CTF_Prefabs/TankFree_Red.prefab
  artifactKey: Guid(dc84a58afe1344547a230a5cb3c072c8) Importer(815301076,1909f56bfc062723c751e8b465ee728b)
Start importing Assets/Cartoon_Tank_Free/CTF_Prefabs/TankFree_Red.prefab using Guid(dc84a58afe1344547a230a5cb3c072c8) Importer(815301076,1909f56bfc062723c751e8b465ee728b)  -> (artifact id: 'b007891c06186f126359e1013899cbcd') in 0.027031 seconds 
  Import took 0.032278 seconds .

========================================================================
Received Import Request.
  Time since last request: 0.000318 seconds.
  path: Assets/Cartoon_Tank_Free/CTF_Prefabs/СTF_Mine_Blue.prefab
  artifactKey: Guid(34d950903576761479d237ecf0151495) Importer(815301076,1909f56bfc062723c751e8b465ee728b)
Start importing Assets/Cartoon_Tank_Free/CTF_Prefabs/СTF_Mine_Blue.prefab using Guid(34d950903576761479d237ecf0151495) Importer(815301076,1909f56bfc062723c751e8b465ee728b)  -> (artifact id: '8d3c99f9e6320c9448f6f035c5d05273') in 0.022724 seconds 
  Import took 0.025554 seconds .

========================================================================
Received Import Request.
  Time since last request: 0.000166 seconds.
  path: Assets/Cartoon_Tank_Free/CTF_Prefabs/СTF_Box_Red.prefab
  artifactKey: Guid(b53c2190eca85cd47aeb3a61670aad48) Importer(815301076,1909f56bfc062723c751e8b465ee728b)
Start importing Assets/Cartoon_Tank_Free/CTF_Prefabs/СTF_Box_Red.prefab using Guid(b53c2190eca85cd47aeb3a61670aad48) Importer(815301076,1909f56bfc062723c751e8b465ee728b)  -> (artifact id: 'a90c9a8e09b5b375c130cb526593d59b') in 0.019729 seconds 
  Import took 0.022437 seconds .

========================================================================
Received Import Request.
  Time since last request: 0.000179 seconds.
  path: Assets/Cartoon_Tank_Free/CTF_Prefabs/СTF_Mine_Yel.prefab
  artifactKey: Guid(f3bbfc0d1c203084e948803d71c586b5) Importer(815301076,1909f56bfc062723c751e8b465ee728b)
Start importing Assets/Cartoon_Tank_Free/CTF_Prefabs/СTF_Mine_Yel.prefab using Guid(f3bbfc0d1c203084e948803d71c586b5) Importer(815301076,1909f56bfc062723c751e8b465ee728b)  -> (artifact id: '013432f775d5d0c530a7ac6706c8bb2d') in 0.020256 seconds 
  Import took 0.023262 seconds .

========================================================================
Received Import Request.
  Time since last request: 0.000173 seconds.
  path: Assets/Cartoon_Tank_Free/CTF_Prefabs/СTF_Box_Cap_Green.prefab
  artifactKey: Guid(73977462fbd842d4e84221bc14cf5828) Importer(815301076,1909f56bfc062723c751e8b465ee728b)
Start importing Assets/Cartoon_Tank_Free/CTF_Prefabs/СTF_Box_Cap_Green.prefab using Guid(73977462fbd842d4e84221bc14cf5828) Importer(815301076,1909f56bfc062723c751e8b465ee728b)  -> (artifact id: 'ac5e5d21e461f53c8ef5fd2a023129fb') in 0.019348 seconds 
  Import took 0.023891 seconds .

========================================================================
Received Import Request.
  Time since last request: 0.000177 seconds.
  path: Assets/Cartoon_Tank_Free/CTF_Prefabs/СTF_Missile_Green.prefab
  artifactKey: Guid(7c10c31acbca29f459d7eaab559ebf9a) Importer(815301076,1909f56bfc062723c751e8b465ee728b)
Start importing Assets/Cartoon_Tank_Free/CTF_Prefabs/СTF_Missile_Green.prefab using Guid(7c10c31acbca29f459d7eaab559ebf9a) Importer(815301076,1909f56bfc062723c751e8b465ee728b)  -> (artifact id: 'd2725fd32d1d79069c918ed9a4e4ed3f') in 0.020118 seconds 
  Import took 0.023513 seconds .

========================================================================
Received Import Request.
  Time since last request: 0.000191 seconds.
  path: Assets/Cartoon_Tank_Free/CTF_Prefabs/СTF_Anti-tank_barrier.prefab
  artifactKey: Guid(58eb20c0dbdcb734fb4f212d3b2b342e) Importer(815301076,1909f56bfc062723c751e8b465ee728b)
Start importing Assets/Cartoon_Tank_Free/CTF_Prefabs/СTF_Anti-tank_barrier.prefab using Guid(58eb20c0dbdcb734fb4f212d3b2b342e) Importer(815301076,1909f56bfc062723c751e8b465ee728b)  -> (artifact id: 'bd7f37b6cd5c9d68c31dba4561b8dbe7') in 0.019998 seconds 
  Import took 0.022953 seconds .

========================================================================
Received Import Request.
  Time since last request: 0.000163 seconds.
  path: Assets/Cartoon_Tank_Free/CTF_Prefabs/СTF_Mine_Green.prefab
  artifactKey: Guid(54bb213667eda734b98bef43a3ff6c93) Importer(815301076,1909f56bfc062723c751e8b465ee728b)
Start importing Assets/Cartoon_Tank_Free/CTF_Prefabs/СTF_Mine_Green.prefab using Guid(54bb213667eda734b98bef43a3ff6c93) Importer(815301076,1909f56bfc062723c751e8b465ee728b)  -> (artifact id: '67f0f85efbada0a74ecb542aae513988') in 0.019640 seconds 
  Import took 0.022499 seconds .

========================================================================
Received Import Request.
  Time since last request: 0.000173 seconds.
  path: Assets/Cartoon_Tank_Free/CTF_Prefabs/СTF_Box_Cap_Yel.prefab
  artifactKey: Guid(f1cd8cc0f34b5d84292e642626af1113) Importer(815301076,1909f56bfc062723c751e8b465ee728b)
Start importing Assets/Cartoon_Tank_Free/CTF_Prefabs/СTF_Box_Cap_Yel.prefab using Guid(f1cd8cc0f34b5d84292e642626af1113) Importer(815301076,1909f56bfc062723c751e8b465ee728b)  -> (artifact id: '842c1b9c8158f79a66891414f0823e55') in 0.020022 seconds 
  Import took 0.023040 seconds .

========================================================================
Received Import Request.
  Time since last request: 0.000160 seconds.
  path: Assets/Cartoon_Tank_Free/CTF_Prefabs/СTF_Box_Cap_Blue.prefab
  artifactKey: Guid(01aefc43126577342a914d6888b57a3b) Importer(815301076,1909f56bfc062723c751e8b465ee728b)
Start importing Assets/Cartoon_Tank_Free/CTF_Prefabs/СTF_Box_Cap_Blue.prefab using Guid(01aefc43126577342a914d6888b57a3b) Importer(815301076,1909f56bfc062723c751e8b465ee728b)  -> (artifact id: '0744f3f80daaa7bcb9619660b2569d12') in 0.019784 seconds 
  Import took 0.022797 seconds .

========================================================================
Received Import Request.
  Time since last request: 0.000125 seconds.
  path: Assets/Cartoon_Tank_Free/CTF_Prefabs/TankFree_Green.prefab
  artifactKey: Guid(997823ade0e2fc249a876fa159f69cc3) Importer(815301076,1909f56bfc062723c751e8b465ee728b)
Start importing Assets/Cartoon_Tank_Free/CTF_Prefabs/TankFree_Green.prefab using Guid(997823ade0e2fc249a876fa159f69cc3) Importer(815301076,1909f56bfc062723c751e8b465ee728b)  -> (artifact id: 'af65052c88595b035e588bbf73efd8b6') in 0.025769 seconds 
  Import took 0.028811 seconds .

========================================================================
Received Import Request.
  Time since last request: 0.000169 seconds.
  path: Assets/Cartoon_Tank_Free/CTF_Prefabs/TankFree_Yel.prefab
  artifactKey: Guid(ae98f3b2f9fb19e4dba07742ad8d6f4d) Importer(815301076,1909f56bfc062723c751e8b465ee728b)
Start importing Assets/Cartoon_Tank_Free/CTF_Prefabs/TankFree_Yel.prefab using Guid(ae98f3b2f9fb19e4dba07742ad8d6f4d) Importer(815301076,1909f56bfc062723c751e8b465ee728b)  -> (artifact id: 'fed59db29ffcfa7b47de77502b5f5d4a') in 0.021815 seconds 
  Import took 0.024465 seconds .

========================================================================
Received Import Request.
  Time since last request: 0.000172 seconds.
  path: Assets/Cartoon_Tank_Free/CTF_Prefabs/СTF_Mine_Red.prefab
  artifactKey: Guid(490f0ac7897da974780edf3173c56f0b) Importer(815301076,1909f56bfc062723c751e8b465ee728b)
Start importing Assets/Cartoon_Tank_Free/CTF_Prefabs/СTF_Mine_Red.prefab using Guid(490f0ac7897da974780edf3173c56f0b) Importer(815301076,1909f56bfc062723c751e8b465ee728b)  -> (artifact id: '991a54f199398d8b25846f550fe6c39a') in 0.019755 seconds 
  Import took 0.022344 seconds .

========================================================================
Received Import Request.
  Time since last request: 0.000163 seconds.
  path: Assets/Cartoon_Tank_Free/CTF_Prefabs/СTF_Box_Blue.prefab
  artifactKey: Guid(49ab7394bf48df74f9a2f51fd9d0c3b6) Importer(815301076,1909f56bfc062723c751e8b465ee728b)
Start importing Assets/Cartoon_Tank_Free/CTF_Prefabs/СTF_Box_Blue.prefab using Guid(49ab7394bf48df74f9a2f51fd9d0c3b6) Importer(815301076,1909f56bfc062723c751e8b465ee728b)  -> (artifact id: '0352c892a47eed81c3da795291a8f172') in 0.020136 seconds 
  Import took 0.022856 seconds .

========================================================================
Received Import Request.
  Time since last request: 0.000221 seconds.
  path: Assets/Cartoon_Tank_Free/CTF_Prefabs/СTF_Box_Green.prefab
  artifactKey: Guid(1d91a76fc1909bf42b2e2ce0b229ffa2) Importer(815301076,1909f56bfc062723c751e8b465ee728b)
Start importing Assets/Cartoon_Tank_Free/CTF_Prefabs/СTF_Box_Green.prefab using Guid(1d91a76fc1909bf42b2e2ce0b229ffa2) Importer(815301076,1909f56bfc062723c751e8b465ee728b)  -> (artifact id: '3d37d48576807000dc4979e9609db5f7') in 0.020021 seconds 
  Import took 0.022737 seconds .

========================================================================
Received Import Request.
  Time since last request: 0.000173 seconds.
  path: Assets/Cartoon_Tank_Free/CTF_Prefabs/СTF_Box_Blue.prefab
  artifactKey: Guid(49ab7394bf48df74f9a2f51fd9d0c3b6) Importer(815301076,1909f56bfc062723c751e8b465ee728b)
Start importing Assets/Cartoon_Tank_Free/CTF_Prefabs/СTF_Box_Blue.prefab using Guid(49ab7394bf48df74f9a2f51fd9d0c3b6) Importer(815301076,1909f56bfc062723c751e8b465ee728b)  -> (artifact id: '0352c892a47eed81c3da795291a8f172') in 0.016079 seconds 
  Import took 0.019826 seconds .

========================================================================
Received Import Request.
  Time since last request: 0.000200 seconds.
  path: Assets/Cartoon_Tank_Free/CTF_Prefabs/СTF_Box_Cap_Red.prefab
  artifactKey: Guid(3a9a807a94ca979478eb69a71a4e4855) Importer(815301076,1909f56bfc062723c751e8b465ee728b)
Start importing Assets/Cartoon_Tank_Free/CTF_Prefabs/СTF_Box_Cap_Red.prefab using Guid(3a9a807a94ca979478eb69a71a4e4855) Importer(815301076,1909f56bfc062723c751e8b465ee728b)  -> (artifact id: 'd88c88ece754d9cbc19708a9e6a86d2b') in 0.020624 seconds 
  Import took 0.023341 seconds .

========================================================================
Received Import Request.
  Time since last request: 0.000233 seconds.
  path: Assets/Cartoon_Tank_Free/CTF_Prefabs/СTF_Missile_Blue.prefab
  artifactKey: Guid(6f4d29cfd8b2b4744bcabc5437eeb536) Importer(815301076,1909f56bfc062723c751e8b465ee728b)
Start importing Assets/Cartoon_Tank_Free/CTF_Prefabs/СTF_Missile_Blue.prefab using Guid(6f4d29cfd8b2b4744bcabc5437eeb536) Importer(815301076,1909f56bfc062723c751e8b465ee728b)  -> (artifact id: 'f14795759374290f4770f49e6b99e3af') in 0.020434 seconds 
  Import took 0.023486 seconds .

========================================================================
Received Import Request.
  Time since last request: 0.000209 seconds.
  path: Assets/Cartoon_Tank_Free/CTF_Prefabs/СTF_Box_Yel.prefab
  artifactKey: Guid(0750a41b5ee01554cb8948fe758c4e12) Importer(815301076,1909f56bfc062723c751e8b465ee728b)
Start importing Assets/Cartoon_Tank_Free/CTF_Prefabs/СTF_Box_Yel.prefab using Guid(0750a41b5ee01554cb8948fe758c4e12) Importer(815301076,1909f56bfc062723c751e8b465ee728b)  -> (artifact id: '9901c9b3e54885c8db163322e9fc0193') in 0.019498 seconds 
  Import took 0.023124 seconds .

========================================================================
Received Import Request.
  Time since last request: 6.878355 seconds.
  path: Assets/Cartoon_Tank_Free/CTF_Prefabs/СTF_Missile_Red.prefab
  artifactKey: Guid(08338119ba0c943449889713a3e36f21) Importer(815301076,1909f56bfc062723c751e8b465ee728b)
Start importing Assets/Cartoon_Tank_Free/CTF_Prefabs/СTF_Missile_Red.prefab using Guid(08338119ba0c943449889713a3e36f21) Importer(815301076,1909f56bfc062723c751e8b465ee728b)  -> (artifact id: '85de37894be63a6e88742bb41e2df4fd') in 0.019660 seconds 
  Import took 0.023008 seconds .

========================================================================
Received Import Request.
  Time since last request: 0.000341 seconds.
  path: Assets/Cartoon_Tank_Free/CTF_Prefabs/СTF_Missile_Yel.prefab
  artifactKey: Guid(ebc8ef3e1eaa76c44aacba4e5ec67bf4) Importer(815301076,1909f56bfc062723c751e8b465ee728b)
Start importing Assets/Cartoon_Tank_Free/CTF_Prefabs/СTF_Missile_Yel.prefab using Guid(ebc8ef3e1eaa76c44aacba4e5ec67bf4) Importer(815301076,1909f56bfc062723c751e8b465ee728b)  -> (artifact id: '067d2b482fa7cdbad65e17e44f323dbb') in 0.025336 seconds 
  Import took 0.028424 seconds .

========================================================================
Received Import Request.
  Time since last request: 0.000248 seconds.
  path: Assets/Cartoon_Tank_Free/CTF_Prefabs/СTF_Platform.prefab
  artifactKey: Guid(3b88aee75b5676f49b77d52a1f4dd2d3) Importer(815301076,1909f56bfc062723c751e8b465ee728b)
Start importing Assets/Cartoon_Tank_Free/CTF_Prefabs/СTF_Platform.prefab using Guid(3b88aee75b5676f49b77d52a1f4dd2d3) Importer(815301076,1909f56bfc062723c751e8b465ee728b)  -> (artifact id: '7fa52ac1c4fb29fbde14c7768c2f85ef') in 0.023605 seconds 
  Import took 0.026761 seconds .

========================================================================
Received Import Request.
  Time since last request: 0.000147 seconds.
  path: Assets/Cartoon_Tank_Free/CTF_Prefabs/СTF_Missile_Yel.prefab
  artifactKey: Guid(ebc8ef3e1eaa76c44aacba4e5ec67bf4) Importer(815301076,1909f56bfc062723c751e8b465ee728b)
Start importing Assets/Cartoon_Tank_Free/CTF_Prefabs/СTF_Missile_Yel.prefab using Guid(ebc8ef3e1eaa76c44aacba4e5ec67bf4) Importer(815301076,1909f56bfc062723c751e8b465ee728b)  -> (artifact id: '067d2b482fa7cdbad65e17e44f323dbb') in 0.015218 seconds 
  Import took 0.018685 seconds .

========================================================================
Received Prepare
Registering precompiled user dll's ...
Registered in 0.008342 seconds.
Begin MonoManager ReloadAssembly
Native extension for WindowsStandalone target not found
Native extension for WebGL target not found
Refreshing native plugins compatible for Editor in 0.81 ms, found 3 plugins.
Preloading 0 native plugins for Editor in 0.00 ms.
Mono: successfully reloaded assembly
- Completed reload, in  1.337 seconds
Domain Reload Profiling:
	ReloadAssembly (1337ms)
		BeginReloadAssembly (118ms)
			ExecutionOrderSort (0ms)
			DisableScriptedObjects (5ms)
			BackupInstance (0ms)
			ReleaseScriptingObjects (0ms)
			CreateAndSetChildDomain (41ms)
		EndReloadAssembly (1128ms)
			LoadAssemblies (101ms)
			RebuildTransferFunctionScriptingTraits (0ms)
			SetupTypeCache (350ms)
			ReleaseScriptCaches (1ms)
			RebuildScriptCaches (45ms)
			SetupLoadedEditorAssemblies (505ms)
				LogAssemblyErrors (0ms)
				InitializePlatformSupportModulesInManaged (7ms)
				SetLoadedEditorAssemblies (1ms)
				RefreshPlugins (1ms)
				BeforeProcessingInitializeOnLoad (83ms)
				ProcessInitializeOnLoadAttributes (407ms)
				ProcessInitializeOnLoadMethodAttributes (4ms)
				AfterProcessingInitializeOnLoad (3ms)
				EditorAssembliesLoaded (0ms)
			ExecutionOrderSort2 (0ms)
			AwakeInstancesAfterBackupRestoration (7ms)
Platform modules already initialized, skipping
Refreshing native plugins compatible for Editor in 0.55 ms, found 3 plugins.
Preloading 0 native plugins for Editor in 0.00 ms.
Unloading 1482 Unused Serialized files (Serialized files now loaded: 0)
System memory in use before: 75.5 MB.
System memory in use after: 75.6 MB.

Unloading 33 unused Assets to reduce memory usage. Loaded Objects now: 1989.
Total: 4.103000 ms (FindLiveObjects: 0.236800 ms CreateObjectMapping: 0.094000 ms MarkObjects: 3.663700 ms  DeleteObjects: 0.106900 ms)

AssetImportParameters requested are different than current active one (requested -> active):
  custom:framework-win-MediaFoundation: 216162199b28c13a410421893ffa2e32 -> 
  custom:video-decoder-ogg-theora: a1e56fd34408186e4bbccfd4996cb3dc -> 
  custom:container-muxer-webm: aa71ff27fc2769a1b78a27578f13a17b -> 
  custom:container-demuxer-webm: 4f35f7cbe854078d1ac9338744f61a02 -> 
  custom:container-demuxer-ogg: 62fdf1f143b41e24485cea50d1cbac27 -> 
  custom:video-encoder-webm-vp8: eb34c28f22e8b96e1ab97ce403110664 -> 
  custom:video-decoder-webm-vp8: 9c59270c3fd7afecdb556c50c9e8de78 -> 
  custom:audio-decoder-ogg-vorbis: bf7c407c2cedff20999df2af8eb42d56 -> 
  custom:audio-encoder-webm-vorbis: bf7c407c2cedff20999df2af8eb42d56 -> 
========================================================================
Received Import Request.
  Time since last request: 498.449489 seconds.
  path: Assets/素材
  artifactKey: Guid(9ae5743e44a1d9b4da85bb11b5c4372e) Importer(815301076,1909f56bfc062723c751e8b465ee728b)
Start importing Assets/素材 using Guid(9ae5743e44a1d9b4da85bb11b5c4372e) Importer(815301076,1909f56bfc062723c751e8b465ee728b)  -> (artifact id: '947c765f221ef0f37a6beca963e0cffc') in 0.011141 seconds 
  Import took 0.015141 seconds .

========================================================================
Received Import Request.
  Time since last request: 0.001665 seconds.
  path: Assets/素材
  artifactKey: Guid(9ae5743e44a1d9b4da85bb11b5c4372e) Importer(815301076,1909f56bfc062723c751e8b465ee728b)
Start importing Assets/素材 using Guid(9ae5743e44a1d9b4da85bb11b5c4372e) Importer(815301076,1909f56bfc062723c751e8b465ee728b)  -> (artifact id: '947c765f221ef0f37a6beca963e0cffc') in 0.002925 seconds 
  Import took 0.007451 seconds .

========================================================================
Received Import Request.
  Time since last request: 17.052550 seconds.
  path: Assets/素材/天空.mat
  artifactKey: Guid(5d37826f3bfe98f44a217be539420e20) Importer(815301076,1909f56bfc062723c751e8b465ee728b)
Start importing Assets/素材/天空.mat using Guid(5d37826f3bfe98f44a217be539420e20) Importer(815301076,1909f56bfc062723c751e8b465ee728b)  -> (artifact id: 'b964e9156692c4c529b3669a39dcf069') in 0.075042 seconds 
  Import took 0.078240 seconds .

========================================================================
Received Import Request.
  Time since last request: 92.260371 seconds.
  path: Assets/TowerDefence_Vsquad/INFO/Info_1.png
  artifactKey: Guid(9ac1595c4b42ab0428e2cca7a9208e13) Importer(815301076,1909f56bfc062723c751e8b465ee728b)
Start importing Assets/TowerDefence_Vsquad/INFO/Info_1.png using Guid(9ac1595c4b42ab0428e2cca7a9208e13) Importer(815301076,1909f56bfc062723c751e8b465ee728b)  -> (artifact id: '376357b64493dd2caf9455c39afe9698') in 0.023709 seconds 
  Import took 0.026781 seconds .

========================================================================
Received Import Request.
  Time since last request: 0.890117 seconds.
  path: Assets/TowerDefence_Vsquad/Materials/GB_piercer_1.mat
  artifactKey: Guid(66239f197c6897043ad7979facaa2fac) Importer(815301076,1909f56bfc062723c751e8b465ee728b)
Start importing Assets/TowerDefence_Vsquad/Materials/GB_piercer_1.mat using Guid(66239f197c6897043ad7979facaa2fac) Importer(815301076,1909f56bfc062723c751e8b465ee728b)  -> (artifact id: 'c09c7ab091cd1df564347d3f33250293') in 0.016232 seconds 
  Import took 0.020071 seconds .

========================================================================
Received Import Request.
  Time since last request: 0.000305 seconds.
  path: Assets/TowerDefence_Vsquad/Materials/GB_piercer_2.mat
  artifactKey: Guid(2d2447207cbd8fb4c899d01fed6428d5) Importer(815301076,1909f56bfc062723c751e8b465ee728b)
Start importing Assets/TowerDefence_Vsquad/Materials/GB_piercer_2.mat using Guid(2d2447207cbd8fb4c899d01fed6428d5) Importer(815301076,1909f56bfc062723c751e8b465ee728b)  -> (artifact id: 'ec587beffc41796c496f5f33d375803c') in 0.019877 seconds 
  Import took 0.023167 seconds .

========================================================================
Received Import Request.
  Time since last request: 0.000242 seconds.
  path: Assets/TowerDefence_Vsquad/Materials/HM_cannon_1.mat
  artifactKey: Guid(99b14d755c6ec8047b292f8530283c9a) Importer(815301076,1909f56bfc062723c751e8b465ee728b)
Start importing Assets/TowerDefence_Vsquad/Materials/HM_cannon_1.mat using Guid(99b14d755c6ec8047b292f8530283c9a) Importer(815301076,1909f56bfc062723c751e8b465ee728b)  -> (artifact id: '757a3704a961ef7138d9c5169bc1184e') in 0.168020 seconds 
  Import took 0.171446 seconds .

========================================================================
Received Import Request.
  Time since last request: 3.618805 seconds.
  path: Assets/TowerDefence_Vsquad/Meshes/GB_piercer_2_free.fbx
  artifactKey: Guid(c16726737b9794f438542742d1a4def1) Importer(815301076,1909f56bfc062723c751e8b465ee728b)
Start importing Assets/TowerDefence_Vsquad/Meshes/GB_piercer_2_free.fbx using Guid(c16726737b9794f438542742d1a4def1) Importer(815301076,1909f56bfc062723c751e8b465ee728b)  -> (artifact id: '5915c591687587348bae9fa5263fd7f5') in 0.060807 seconds 
  Import took 0.064060 seconds .

========================================================================
Received Import Request.
  Time since last request: 0.000365 seconds.
  path: Assets/TowerDefence_Vsquad/Meshes/GB_piercer_rocket.fbx
  artifactKey: Guid(98d8ec41058e72d4ab1c044a41b4123c) Importer(815301076,1909f56bfc062723c751e8b465ee728b)
Start importing Assets/TowerDefence_Vsquad/Meshes/GB_piercer_rocket.fbx using Guid(98d8ec41058e72d4ab1c044a41b4123c) Importer(815301076,1909f56bfc062723c751e8b465ee728b)  -> (artifact id: '396c80fd9632a5b72c61d0f3ca98f08b') in 0.028716 seconds 
  Import took 0.031754 seconds .

========================================================================
Received Import Request.
  Time since last request: 0.000373 seconds.
  path: Assets/TowerDefence_Vsquad/Meshes/HM_cannon_1.fbx
  artifactKey: Guid(31b5711eb7fc9e74c9b9596af3800686) Importer(815301076,1909f56bfc062723c751e8b465ee728b)
Start importing Assets/TowerDefence_Vsquad/Meshes/HM_cannon_1.fbx using Guid(31b5711eb7fc9e74c9b9596af3800686) Importer(815301076,1909f56bfc062723c751e8b465ee728b)  -> (artifact id: 'b5b30987f2e66b4b87013434530145dd') in 0.056035 seconds 
  Import took 0.058904 seconds .

========================================================================
Received Import Request.
  Time since last request: 0.000170 seconds.
  path: Assets/TowerDefence_Vsquad/Meshes/GB_piercer_rocket.fbx
  artifactKey: Guid(98d8ec41058e72d4ab1c044a41b4123c) Importer(815301076,1909f56bfc062723c751e8b465ee728b)
Start importing Assets/TowerDefence_Vsquad/Meshes/GB_piercer_rocket.fbx using Guid(98d8ec41058e72d4ab1c044a41b4123c) Importer(815301076,1909f56bfc062723c751e8b465ee728b)  -> (artifact id: '396c80fd9632a5b72c61d0f3ca98f08b') in 0.021632 seconds 
  Import took 0.024184 seconds .

========================================================================
Received Import Request.
  Time since last request: 1.106195 seconds.
  path: Assets/TowerDefence_Vsquad/Prefabs/GB_piercer_free_grp.prefab
  artifactKey: Guid(2e9ed78ca247ad941b96bd3c02c554ba) Importer(815301076,1909f56bfc062723c751e8b465ee728b)
Start importing Assets/TowerDefence_Vsquad/Prefabs/GB_piercer_free_grp.prefab using Guid(2e9ed78ca247ad941b96bd3c02c554ba) Importer(815301076,1909f56bfc062723c751e8b465ee728b)  -> (artifact id: '51ef3c46f51bdfe55c5fd72851de702c') in 0.050132 seconds 
  Import took 0.054337 seconds .

========================================================================
Received Import Request.
  Time since last request: 0.000470 seconds.
  path: Assets/TowerDefence_Vsquad/Prefabs/HM_cannon_1.prefab
  artifactKey: Guid(997eda0f844715845a30121b4553e2fd) Importer(815301076,1909f56bfc062723c751e8b465ee728b)
Start importing Assets/TowerDefence_Vsquad/Prefabs/HM_cannon_1.prefab using Guid(997eda0f844715845a30121b4553e2fd) Importer(815301076,1909f56bfc062723c751e8b465ee728b)  -> (artifact id: '0e42fa86c933ccb121c7a320d0bf69e9') in 0.024941 seconds 
  Import took 0.029997 seconds .

========================================================================
Received Import Request.
  Time since last request: 11.455312 seconds.
  path: Assets/Photon/Fusion/Resources/NetworkProjectConfig.fusion
  artifactKey: Guid(322d00aa3ad957b4da105af67dc34c7a) Importer(815301076,1909f56bfc062723c751e8b465ee728b)
Start importing Assets/Photon/Fusion/Resources/NetworkProjectConfig.fusion using Guid(322d00aa3ad957b4da105af67dc34c7a) Importer(815301076,1909f56bfc062723c751e8b465ee728b)  -> (artifact id: '0216aa54aafbe6e6115736f6698d91ad') in 0.027672 seconds 
  Import took 0.031587 seconds .

========================================================================
Received Import Request.
  Time since last request: 0.000570 seconds.
  path: Assets/Photon/Fusion/Resources/PhotonAppSettings.asset
  artifactKey: Guid(766c8ee80a69a474eace6a4503df25f7) Importer(815301076,1909f56bfc062723c751e8b465ee728b)
Start importing Assets/Photon/Fusion/Resources/PhotonAppSettings.asset using Guid(766c8ee80a69a474eace6a4503df25f7) Importer(815301076,1909f56bfc062723c751e8b465ee728b)  -> (artifact id: '13d986b5fa036458916e037625c52932') in 0.011104 seconds 
  Import took 0.014103 seconds .

========================================================================
Received Import Request.
  Time since last request: 83.337039 seconds.
  path: Assets/預置物
  artifactKey: Guid(4651b8e663ad632418b5a75c64fbde53) Importer(815301076,1909f56bfc062723c751e8b465ee728b)
Start importing Assets/預置物 using Guid(4651b8e663ad632418b5a75c64fbde53) Importer(815301076,1909f56bfc062723c751e8b465ee728b)  -> (artifact id: 'c5880945bc038f420001b2b452c6d002') in 0.008609 seconds 
  Import took 0.011930 seconds .

========================================================================
Received Import Request.
  Time since last request: 21.972479 seconds.
  path: Assets/預置物/箱子 藍.prefab
  artifactKey: Guid(4589c49482ec4944ead9e676e0f723bd) Importer(815301076,1909f56bfc062723c751e8b465ee728b)
Start importing Assets/預置物/箱子 藍.prefab using Guid(4589c49482ec4944ead9e676e0f723bd) Importer(815301076,1909f56bfc062723c751e8b465ee728b)  -> (artifact id: '417fc4a162a09506e8abbf528da15ff1') in 0.024383 seconds 
  Import took 0.028887 seconds .

========================================================================
Received Import Request.
  Time since last request: 595.652960 seconds.
  path: Assets/Scripts
  artifactKey: Guid(6938a39a924e68a49a5ef57464cf19f4) Importer(815301076,1909f56bfc062723c751e8b465ee728b)
Start importing Assets/Scripts using Guid(6938a39a924e68a49a5ef57464cf19f4) Importer(815301076,1909f56bfc062723c751e8b465ee728b)  -> (artifact id: '726df4f1943134409eaf41fa63895ecc') in 0.008109 seconds 
  Import took 0.010908 seconds .

========================================================================
Received Import Request.
  Time since last request: 35.593696 seconds.
  path: Assets/Scripts/BasicSpawner.cs
  artifactKey: Guid(529dea82db3dc824ba6e1b226f2635ec) Importer(815301076,1909f56bfc062723c751e8b465ee728b)
Start importing Assets/Scripts/BasicSpawner.cs using Guid(529dea82db3dc824ba6e1b226f2635ec) Importer(815301076,1909f56bfc062723c751e8b465ee728b)  -> (artifact id: '942705b4b3922e0ec74e646f95343693') in 0.019172 seconds 
  Import took 0.022873 seconds .

========================================================================
Received Prepare
Registering precompiled user dll's ...
Registered in 0.008121 seconds.
Begin MonoManager ReloadAssembly
Native extension for WindowsStandalone target not found
Native extension for WebGL target not found
Refreshing native plugins compatible for Editor in 0.68 ms, found 3 plugins.
Preloading 0 native plugins for Editor in 0.00 ms.
Mono: successfully reloaded assembly
- Completed reload, in  1.379 seconds
Domain Reload Profiling:
	ReloadAssembly (1380ms)
		BeginReloadAssembly (118ms)
			ExecutionOrderSort (0ms)
			DisableScriptedObjects (5ms)
			BackupInstance (0ms)
			ReleaseScriptingObjects (0ms)
			CreateAndSetChildDomain (42ms)
		EndReloadAssembly (1196ms)
			LoadAssemblies (109ms)
			RebuildTransferFunctionScriptingTraits (0ms)
			SetupTypeCache (428ms)
			ReleaseScriptCaches (1ms)
			RebuildScriptCaches (44ms)
			SetupLoadedEditorAssemblies (493ms)
				LogAssemblyErrors (0ms)
				InitializePlatformSupportModulesInManaged (7ms)
				SetLoadedEditorAssemblies (1ms)
				RefreshPlugins (1ms)
				BeforeProcessingInitializeOnLoad (81ms)
				ProcessInitializeOnLoadAttributes (396ms)
				ProcessInitializeOnLoadMethodAttributes (4ms)
				AfterProcessingInitializeOnLoad (3ms)
				EditorAssembliesLoaded (0ms)
			ExecutionOrderSort2 (0ms)
			AwakeInstancesAfterBackupRestoration (8ms)
Platform modules already initialized, skipping
Refreshing native plugins compatible for Editor in 0.69 ms, found 3 plugins.
Preloading 0 native plugins for Editor in 0.00 ms.
Unloading 1483 Unused Serialized files (Serialized files now loaded: 0)
System memory in use before: 76.0 MB.
System memory in use after: 76.1 MB.

Unloading 33 unused Assets to reduce memory usage. Loaded Objects now: 1998.
Total: 3.667600 ms (FindLiveObjects: 0.158000 ms CreateObjectMapping: 0.052200 ms MarkObjects: 3.381500 ms  DeleteObjects: 0.074500 ms)

AssetImportParameters requested are different than current active one (requested -> active):
  custom:framework-win-MediaFoundation: 216162199b28c13a410421893ffa2e32 -> 
  custom:video-decoder-ogg-theora: a1e56fd34408186e4bbccfd4996cb3dc -> 
  custom:container-muxer-webm: aa71ff27fc2769a1b78a27578f13a17b -> 
  custom:container-demuxer-webm: 4f35f7cbe854078d1ac9338744f61a02 -> 
  custom:container-demuxer-ogg: 62fdf1f143b41e24485cea50d1cbac27 -> 
  custom:video-encoder-webm-vp8: eb34c28f22e8b96e1ab97ce403110664 -> 
  custom:video-decoder-webm-vp8: 9c59270c3fd7afecdb556c50c9e8de78 -> 
  custom:audio-decoder-ogg-vorbis: bf7c407c2cedff20999df2af8eb42d56 -> 
  custom:audio-encoder-webm-vorbis: bf7c407c2cedff20999df2af8eb42d56 -> 
========================================================================
Received Import Request.
  Time since last request: 578.569033 seconds.
  path: Assets/Scripts/BasicSpawner.cs
  artifactKey: Guid(529dea82db3dc824ba6e1b226f2635ec) Importer(815301076,1909f56bfc062723c751e8b465ee728b)
Start importing Assets/Scripts/BasicSpawner.cs using Guid(529dea82db3dc824ba6e1b226f2635ec) Importer(815301076,1909f56bfc062723c751e8b465ee728b)  -> (artifact id: 'b842f7085fc5488fe1ddd80a5a58ca3e') in 0.013680 seconds 
  Import took 0.016917 seconds .

========================================================================
Received Prepare
Registering precompiled user dll's ...
Registered in 0.008289 seconds.
Begin MonoManager ReloadAssembly
Native extension for WindowsStandalone target not found
Native extension for WebGL target not found
Refreshing native plugins compatible for Editor in 0.77 ms, found 3 plugins.
Preloading 0 native plugins for Editor in 0.00 ms.
Mono: successfully reloaded assembly
- Completed reload, in  1.412 seconds
Domain Reload Profiling:
	ReloadAssembly (1412ms)
		BeginReloadAssembly (116ms)
			ExecutionOrderSort (0ms)
			DisableScriptedObjects (6ms)
			BackupInstance (0ms)
			ReleaseScriptingObjects (0ms)
			CreateAndSetChildDomain (39ms)
		EndReloadAssembly (1226ms)
			LoadAssemblies (102ms)
			RebuildTransferFunctionScriptingTraits (0ms)
			SetupTypeCache (442ms)
			ReleaseScriptCaches (1ms)
			RebuildScriptCaches (46ms)
			SetupLoadedEditorAssemblies (508ms)
				LogAssemblyErrors (0ms)
				InitializePlatformSupportModulesInManaged (7ms)
				SetLoadedEditorAssemblies (1ms)
				RefreshPlugins (1ms)
				BeforeProcessingInitializeOnLoad (86ms)
				ProcessInitializeOnLoadAttributes (407ms)
				ProcessInitializeOnLoadMethodAttributes (4ms)
				AfterProcessingInitializeOnLoad (3ms)
				EditorAssembliesLoaded (0ms)
			ExecutionOrderSort2 (0ms)
			AwakeInstancesAfterBackupRestoration (8ms)
Platform modules already initialized, skipping
Refreshing native plugins compatible for Editor in 0.62 ms, found 3 plugins.
Preloading 0 native plugins for Editor in 0.00 ms.
Unloading 1483 Unused Serialized files (Serialized files now loaded: 0)
System memory in use before: 76.0 MB.
System memory in use after: 76.1 MB.

Unloading 32 unused Assets to reduce memory usage. Loaded Objects now: 2000.
Total: 3.836800 ms (FindLiveObjects: 0.171500 ms CreateObjectMapping: 0.112300 ms MarkObjects: 3.485900 ms  DeleteObjects: 0.065800 ms)

AssetImportParameters requested are different than current active one (requested -> active):
  custom:framework-win-MediaFoundation: 216162199b28c13a410421893ffa2e32 -> 
  custom:video-decoder-ogg-theora: a1e56fd34408186e4bbccfd4996cb3dc -> 
  custom:container-muxer-webm: aa71ff27fc2769a1b78a27578f13a17b -> 
  custom:container-demuxer-webm: 4f35f7cbe854078d1ac9338744f61a02 -> 
  custom:container-demuxer-ogg: 62fdf1f143b41e24485cea50d1cbac27 -> 
  custom:video-encoder-webm-vp8: eb34c28f22e8b96e1ab97ce403110664 -> 
  custom:video-decoder-webm-vp8: 9c59270c3fd7afecdb556c50c9e8de78 -> 
  custom:audio-decoder-ogg-vorbis: bf7c407c2cedff20999df2af8eb42d56 -> 
  custom:audio-encoder-webm-vorbis: bf7c407c2cedff20999df2af8eb42d56 -> 
========================================================================
Received Prepare
Registering precompiled user dll's ...
Registered in 0.008191 seconds.
Begin MonoManager ReloadAssembly
Native extension for WindowsStandalone target not found
Native extension for WebGL target not found
Refreshing native plugins compatible for Editor in 0.61 ms, found 3 plugins.
Preloading 0 native plugins for Editor in 0.00 ms.
Mono: successfully reloaded assembly
- Completed reload, in  1.463 seconds
Domain Reload Profiling:
	ReloadAssembly (1464ms)
		BeginReloadAssembly (136ms)
			ExecutionOrderSort (0ms)
			DisableScriptedObjects (5ms)
			BackupInstance (0ms)
			ReleaseScriptingObjects (0ms)
			CreateAndSetChildDomain (46ms)
		EndReloadAssembly (1247ms)
			LoadAssemblies (130ms)
			RebuildTransferFunctionScriptingTraits (0ms)
			SetupTypeCache (465ms)
			ReleaseScriptCaches (1ms)
			RebuildScriptCaches (46ms)
			SetupLoadedEditorAssemblies (492ms)
				LogAssemblyErrors (0ms)
				InitializePlatformSupportModulesInManaged (7ms)
				SetLoadedEditorAssemblies (1ms)
				RefreshPlugins (1ms)
				BeforeProcessingInitializeOnLoad (83ms)
				ProcessInitializeOnLoadAttributes (394ms)
				ProcessInitializeOnLoadMethodAttributes (4ms)
				AfterProcessingInitializeOnLoad (3ms)
				EditorAssembliesLoaded (0ms)
			ExecutionOrderSort2 (0ms)
			AwakeInstancesAfterBackupRestoration (8ms)
Platform modules already initialized, skipping
Refreshing native plugins compatible for Editor in 0.50 ms, found 3 plugins.
Preloading 0 native plugins for Editor in 0.00 ms.
Unloading 1483 Unused Serialized files (Serialized files now loaded: 0)
System memory in use before: 76.0 MB.
System memory in use after: 76.1 MB.

Unloading 32 unused Assets to reduce memory usage. Loaded Objects now: 2002.
Total: 3.766700 ms (FindLiveObjects: 0.174100 ms CreateObjectMapping: 0.059400 ms MarkObjects: 3.460900 ms  DeleteObjects: 0.070400 ms)

AssetImportParameters requested are different than current active one (requested -> active):
  custom:framework-win-MediaFoundation: 216162199b28c13a410421893ffa2e32 -> 
  custom:video-decoder-ogg-theora: a1e56fd34408186e4bbccfd4996cb3dc -> 
  custom:container-muxer-webm: aa71ff27fc2769a1b78a27578f13a17b -> 
  custom:container-demuxer-webm: 4f35f7cbe854078d1ac9338744f61a02 -> 
  custom:container-demuxer-ogg: 62fdf1f143b41e24485cea50d1cbac27 -> 
  custom:video-encoder-webm-vp8: eb34c28f22e8b96e1ab97ce403110664 -> 
  custom:video-decoder-webm-vp8: 9c59270c3fd7afecdb556c50c9e8de78 -> 
  custom:audio-decoder-ogg-vorbis: bf7c407c2cedff20999df2af8eb42d56 -> 
  custom:audio-encoder-webm-vorbis: bf7c407c2cedff20999df2af8eb42d56 -> 
========================================================================
Received Prepare
Registering precompiled user dll's ...
Registered in 0.007653 seconds.
Begin MonoManager ReloadAssembly
Native extension for WindowsStandalone target not found
Native extension for WebGL target not found
Refreshing native plugins compatible for Editor in 0.55 ms, found 3 plugins.
Preloading 0 native plugins for Editor in 0.00 ms.
Mono: successfully reloaded assembly
- Completed reload, in  1.405 seconds
Domain Reload Profiling:
	ReloadAssembly (1406ms)
		BeginReloadAssembly (140ms)
			ExecutionOrderSort (0ms)
			DisableScriptedObjects (7ms)
			BackupInstance (0ms)
			ReleaseScriptingObjects (0ms)
			CreateAndSetChildDomain (47ms)
		EndReloadAssembly (1187ms)
			LoadAssemblies (129ms)
			RebuildTransferFunctionScriptingTraits (0ms)
			SetupTypeCache (399ms)
			ReleaseScriptCaches (1ms)
			RebuildScriptCaches (45ms)
			SetupLoadedEditorAssemblies (498ms)
				LogAssemblyErrors (0ms)
				InitializePlatformSupportModulesInManaged (8ms)
				SetLoadedEditorAssemblies (1ms)
				RefreshPlugins (1ms)
				BeforeProcessingInitializeOnLoad (83ms)
				ProcessInitializeOnLoadAttributes (398ms)
				ProcessInitializeOnLoadMethodAttributes (5ms)
				AfterProcessingInitializeOnLoad (2ms)
				EditorAssembliesLoaded (0ms)
			ExecutionOrderSort2 (0ms)
			AwakeInstancesAfterBackupRestoration (8ms)
Platform modules already initialized, skipping
Refreshing native plugins compatible for Editor in 0.46 ms, found 3 plugins.
Preloading 0 native plugins for Editor in 0.00 ms.
Unloading 1483 Unused Serialized files (Serialized files now loaded: 0)
System memory in use before: 76.0 MB.
System memory in use after: 76.1 MB.

Unloading 32 unused Assets to reduce memory usage. Loaded Objects now: 2004.
Total: 4.124000 ms (FindLiveObjects: 0.218900 ms CreateObjectMapping: 0.130000 ms MarkObjects: 3.664300 ms  DeleteObjects: 0.109600 ms)

AssetImportParameters requested are different than current active one (requested -> active):
  custom:framework-win-MediaFoundation: 216162199b28c13a410421893ffa2e32 -> 
  custom:video-decoder-ogg-theora: a1e56fd34408186e4bbccfd4996cb3dc -> 
  custom:container-muxer-webm: aa71ff27fc2769a1b78a27578f13a17b -> 
  custom:container-demuxer-webm: 4f35f7cbe854078d1ac9338744f61a02 -> 
  custom:container-demuxer-ogg: 62fdf1f143b41e24485cea50d1cbac27 -> 
  custom:video-encoder-webm-vp8: eb34c28f22e8b96e1ab97ce403110664 -> 
  custom:video-decoder-webm-vp8: 9c59270c3fd7afecdb556c50c9e8de78 -> 
  custom:audio-decoder-ogg-vorbis: bf7c407c2cedff20999df2af8eb42d56 -> 
  custom:audio-encoder-webm-vorbis: bf7c407c2cedff20999df2af8eb42d56 -> 
========================================================================
Received Prepare
Registering precompiled user dll's ...
Registered in 0.009546 seconds.
Begin MonoManager ReloadAssembly
Native extension for WindowsStandalone target not found
Native extension for WebGL target not found
Refreshing native plugins compatible for Editor in 0.51 ms, found 3 plugins.
Preloading 0 native plugins for Editor in 0.00 ms.
Mono: successfully reloaded assembly
- Completed reload, in  1.467 seconds
Domain Reload Profiling:
	ReloadAssembly (1469ms)
		BeginReloadAssembly (142ms)
			ExecutionOrderSort (0ms)
			DisableScriptedObjects (8ms)
			BackupInstance (0ms)
			ReleaseScriptingObjects (0ms)
			CreateAndSetChildDomain (45ms)
		EndReloadAssembly (1244ms)
			LoadAssemblies (128ms)
			RebuildTransferFunctionScriptingTraits (0ms)
			SetupTypeCache (478ms)
			ReleaseScriptCaches (1ms)
			RebuildScriptCaches (47ms)
			SetupLoadedEditorAssemblies (481ms)
				LogAssemblyErrors (0ms)
				InitializePlatformSupportModulesInManaged (7ms)
				SetLoadedEditorAssemblies (1ms)
				RefreshPlugins (1ms)
				BeforeProcessingInitializeOnLoad (80ms)
				ProcessInitializeOnLoadAttributes (386ms)
				ProcessInitializeOnLoadMethodAttributes (4ms)
				AfterProcessingInitializeOnLoad (3ms)
				EditorAssembliesLoaded (0ms)
			ExecutionOrderSort2 (0ms)
			AwakeInstancesAfterBackupRestoration (7ms)
Platform modules already initialized, skipping
Refreshing native plugins compatible for Editor in 0.54 ms, found 3 plugins.
Preloading 0 native plugins for Editor in 0.00 ms.
Unloading 1483 Unused Serialized files (Serialized files now loaded: 0)
System memory in use before: 76.0 MB.
System memory in use after: 76.1 MB.

Unloading 32 unused Assets to reduce memory usage. Loaded Objects now: 2006.
Total: 3.705300 ms (FindLiveObjects: 0.158600 ms CreateObjectMapping: 0.150000 ms MarkObjects: 3.282300 ms  DeleteObjects: 0.113000 ms)

AssetImportParameters requested are different than current active one (requested -> active):
  custom:framework-win-MediaFoundation: 216162199b28c13a410421893ffa2e32 -> 
  custom:video-decoder-ogg-theora: a1e56fd34408186e4bbccfd4996cb3dc -> 
  custom:container-muxer-webm: aa71ff27fc2769a1b78a27578f13a17b -> 
  custom:container-demuxer-webm: 4f35f7cbe854078d1ac9338744f61a02 -> 
  custom:container-demuxer-ogg: 62fdf1f143b41e24485cea50d1cbac27 -> 
  custom:video-encoder-webm-vp8: eb34c28f22e8b96e1ab97ce403110664 -> 
  custom:video-decoder-webm-vp8: 9c59270c3fd7afecdb556c50c9e8de78 -> 
  custom:audio-decoder-ogg-vorbis: bf7c407c2cedff20999df2af8eb42d56 -> 
  custom:audio-encoder-webm-vorbis: bf7c407c2cedff20999df2af8eb42d56 -> 
========================================================================
Received Prepare
Registering precompiled user dll's ...
Registered in 0.007979 seconds.
Begin MonoManager ReloadAssembly
Native extension for WindowsStandalone target not found
Native extension for WebGL target not found
Refreshing native plugins compatible for Editor in 0.52 ms, found 3 plugins.
Preloading 0 native plugins for Editor in 0.00 ms.
Mono: successfully reloaded assembly
- Completed reload, in  1.406 seconds
Domain Reload Profiling:
	ReloadAssembly (1407ms)
		BeginReloadAssembly (121ms)
			ExecutionOrderSort (0ms)
			DisableScriptedObjects (6ms)
			BackupInstance (0ms)
			ReleaseScriptingObjects (0ms)
			CreateAndSetChildDomain (39ms)
		EndReloadAssembly (1210ms)
			LoadAssemblies (112ms)
			RebuildTransferFunctionScriptingTraits (0ms)
			SetupTypeCache (413ms)
			ReleaseScriptCaches (1ms)
			RebuildScriptCaches (49ms)
			SetupLoadedEditorAssemblies (511ms)
				LogAssemblyErrors (0ms)
				InitializePlatformSupportModulesInManaged (7ms)
				SetLoadedEditorAssemblies (0ms)
				RefreshPlugins (1ms)
				BeforeProcessingInitializeOnLoad (89ms)
				ProcessInitializeOnLoadAttributes (407ms)
				ProcessInitializeOnLoadMethodAttributes (4ms)
				AfterProcessingInitializeOnLoad (4ms)
				EditorAssembliesLoaded (0ms)
			ExecutionOrderSort2 (0ms)
			AwakeInstancesAfterBackupRestoration (8ms)
Platform modules already initialized, skipping
Refreshing native plugins compatible for Editor in 0.55 ms, found 3 plugins.
Preloading 0 native plugins for Editor in 0.00 ms.
Unloading 1483 Unused Serialized files (Serialized files now loaded: 0)
System memory in use before: 76.0 MB.
System memory in use after: 76.1 MB.

Unloading 32 unused Assets to reduce memory usage. Loaded Objects now: 2008.
Total: 3.243600 ms (FindLiveObjects: 0.145200 ms CreateObjectMapping: 0.044900 ms MarkObjects: 2.945200 ms  DeleteObjects: 0.107300 ms)

AssetImportParameters requested are different than current active one (requested -> active):
  custom:framework-win-MediaFoundation: 216162199b28c13a410421893ffa2e32 -> 
  custom:video-decoder-ogg-theora: a1e56fd34408186e4bbccfd4996cb3dc -> 
  custom:container-muxer-webm: aa71ff27fc2769a1b78a27578f13a17b -> 
  custom:container-demuxer-webm: 4f35f7cbe854078d1ac9338744f61a02 -> 
  custom:container-demuxer-ogg: 62fdf1f143b41e24485cea50d1cbac27 -> 
  custom:video-encoder-webm-vp8: eb34c28f22e8b96e1ab97ce403110664 -> 
  custom:video-decoder-webm-vp8: 9c59270c3fd7afecdb556c50c9e8de78 -> 
  custom:audio-decoder-ogg-vorbis: bf7c407c2cedff20999df2af8eb42d56 -> 
  custom:audio-encoder-webm-vorbis: bf7c407c2cedff20999df2af8eb42d56 -> 
